# JRE version: OpenJDK Runtime Environment (11.0.13) (build 11.0.13+0-b1751.21-8125866)
# Java VM: OpenJDK 64-Bit Server VM (11.0.13+0-b1751.21-8125866, mixed mode, tiered, compressed oops, g1 gc, windows-amd64)
Heap:
 garbage-first heap   total 567296K, used 315044K [0x0000000080000000, 0x0000000100000000)
  region size 1024K, 85 young (87040K), 2 survivors (2048K)
 Metaspace       used 144606K, capacity 148620K, committed 148784K, reserved 1179648K
  class space    used 17743K, capacity 19221K, committed 19328K, reserved 1048576K
GC Heap History (20 events):
Event: 2057.982 GC heap before
{Heap before GC invocations=177 (full 0):
 garbage-first heap   total 567296K, used 263119K [0x0000000080000000, 0x0000000100000000)
  region size 1024K, 27 young (27648K), 4 survivors (4096K)
 Metaspace       used 143950K, capacity 147842K, committed 148272K, reserved 1177600K
  class space    used 17668K, capacity 19101K, committed 19328K, reserved 1048576K
}
Event: 2058.014 GC heap after
{Heap after GC invocations=178 (full 0):
 garbage-first heap   total 567296K, used 238988K [0x0000000080000000, 0x0000000100000000)
  region size 1024K, 2 young (2048K), 2 survivors (2048K)
 Metaspace       used 143950K, capacity 147842K, committed 148272K, reserved 1177600K
  class space    used 17668K, capacity 19101K, committed 19328K, reserved 1048576K
}
Event: 2061.616 GC heap before
{Heap before GC invocations=178 (full 0):
 garbage-first heap   total 567296K, used 395660K [0x0000000080000000, 0x0000000100000000)
  region size 1024K, 155 young (158720K), 2 survivors (2048K)
 Metaspace       used 143988K, capacity 147860K, committed 148272K, reserved 1177600K
  class space    used 17672K, capacity 19107K, committed 19328K, reserved 1048576K
}
Event: 2061.818 GC heap after
{Heap after GC invocations=179 (full 0):
 garbage-first heap   total 567296K, used 240119K [0x0000000080000000, 0x0000000100000000)
  region size 1024K, 4 young (4096K), 4 survivors (4096K)
 Metaspace       used 143988K, capacity 147860K, committed 148272K, reserved 1177600K
  class space    used 17672K, capacity 19107K, committed 19328K, reserved 1048576K
}
Event: 2069.977 GC heap before
{Heap before GC invocations=180 (full 0):
 garbage-first heap   total 567296K, used 443895K [0x0000000080000000, 0x0000000100000000)
  region size 1024K, 203 young (207872K), 4 survivors (4096K)
 Metaspace       used 144045K, capacity 147937K, committed 148528K, reserved 1179648K
  class space    used 17675K, capacity 19111K, committed 19328K, reserved 1048576K
}
Event: 2070.159 GC heap after
{Heap after GC invocations=181 (full 0):
 garbage-first heap   total 567296K, used 240290K [0x0000000080000000, 0x0000000100000000)
  region size 1024K, 4 young (4096K), 4 survivors (4096K)
 Metaspace       used 144045K, capacity 147937K, committed 148528K, reserved 1179648K
  class space    used 17675K, capacity 19111K, committed 19328K, reserved 1048576K
}
Event: 2071.805 GC heap before
{Heap before GC invocations=181 (full 0):
 garbage-first heap   total 567296K, used 263842K [0x0000000080000000, 0x0000000100000000)
  region size 1024K, 27 young (27648K), 4 survivors (4096K)
 Metaspace       used 144055K, capacity 147938K, committed 148528K, reserved 1179648K
  class space    used 17675K, capacity 19111K, committed 19328K, reserved 1048576K
}
Event: 2071.909 GC heap after
{Heap after GC invocations=182 (full 0):
 garbage-first heap   total 567296K, used 236799K [0x0000000080000000, 0x0000000100000000)
  region size 1024K, 2 young (2048K), 2 survivors (2048K)
 Metaspace       used 144055K, capacity 147938K, committed 148528K, reserved 1179648K
  class space    used 17675K, capacity 19111K, committed 19328K, reserved 1048576K
}
Event: 2074.806 GC heap before
{Heap before GC invocations=182 (full 0):
 garbage-first heap   total 567296K, used 352511K [0x0000000080000000, 0x0000000100000000)
  region size 1024K, 116 young (118784K), 2 survivors (2048K)
 Metaspace       used 144070K, capacity 147938K, committed 148528K, reserved 1179648K
  class space    used 17675K, capacity 19111K, committed 19328K, reserved 1048576K
}
Event: 2074.904 GC heap after
{Heap after GC invocations=183 (full 0):
 garbage-first heap   total 567296K, used 237548K [0x0000000080000000, 0x0000000100000000)
  region size 1024K, 3 young (3072K), 3 survivors (3072K)
 Metaspace       used 144070K, capacity 147938K, committed 148528K, reserved 1179648K
  class space    used 17675K, capacity 19111K, committed 19328K, reserved 1048576K
}
Event: 2081.531 GC heap before
{Heap before GC invocations=184 (full 0):
 garbage-first heap   total 567296K, used 407532K [0x0000000080000000, 0x0000000100000000)
  region size 1024K, 169 young (173056K), 3 survivors (3072K)
 Metaspace       used 144107K, capacity 147961K, committed 148528K, reserved 1179648K
  class space    used 17679K, capacity 19118K, committed 19328K, reserved 1048576K
}
Event: 2081.751 GC heap after
{Heap after GC invocations=185 (full 0):
 garbage-first heap   total 567296K, used 238430K [0x0000000080000000, 0x0000000100000000)
  region size 1024K, 4 young (4096K), 4 survivors (4096K)
 Metaspace       used 144107K, capacity 147961K, committed 148528K, reserved 1179648K
  class space    used 17679K, capacity 19118K, committed 19328K, reserved 1048576K
}
Event: 2082.635 GC heap before
{Heap before GC invocations=185 (full 0):
 garbage-first heap   total 567296K, used 261982K [0x0000000080000000, 0x0000000100000000)
  region size 1024K, 27 young (27648K), 4 survivors (4096K)
 Metaspace       used 144110K, capacity 147961K, committed 148528K, reserved 1179648K
  class space    used 17679K, capacity 19118K, committed 19328K, reserved 1048576K
}
Event: 2082.681 GC heap after
{Heap after GC invocations=186 (full 0):
 garbage-first heap   total 567296K, used 233940K [0x0000000080000000, 0x0000000100000000)
  region size 1024K, 2 young (2048K), 2 survivors (2048K)
 Metaspace       used 144110K, capacity 147961K, committed 148528K, reserved 1179648K
  class space    used 17679K, capacity 19118K, committed 19328K, reserved 1048576K
}
Event: 2084.839 GC heap before
{Heap before GC invocations=186 (full 0):
 garbage-first heap   total 567296K, used 355796K [0x0000000080000000, 0x0000000100000000)
  region size 1024K, 121 young (123904K), 2 survivors (2048K)
 Metaspace       used 144126K, capacity 147961K, committed 148528K, reserved 1179648K
  class space    used 17679K, capacity 19118K, committed 19328K, reserved 1048576K
}
Event: 2084.925 GC heap after
{Heap after GC invocations=187 (full 0):
 garbage-first heap   total 567296K, used 235124K [0x0000000080000000, 0x0000000100000000)
  region size 1024K, 3 young (3072K), 3 survivors (3072K)
 Metaspace       used 144126K, capacity 147961K, committed 148528K, reserved 1179648K
  class space    used 17679K, capacity 19118K, committed 19328K, reserved 1048576K
}
Event: 2092.176 GC heap before
{Heap before GC invocations=188 (full 0):
 garbage-first heap   total 567296K, used 390772K [0x0000000080000000, 0x0000000100000000)
  region size 1024K, 155 young (158720K), 3 survivors (3072K)
 Metaspace       used 144160K, capacity 148111K, committed 148528K, reserved 1179648K
  class space    used 17684K, capacity 19125K, committed 19328K, reserved 1048576K
}
Event: 2092.398 GC heap after
{Heap after GC invocations=189 (full 0):
 garbage-first heap   total 567296K, used 235207K [0x0000000080000000, 0x0000000100000000)
  region size 1024K, 3 young (3072K), 3 survivors (3072K)
 Metaspace       used 144160K, capacity 148111K, committed 148528K, reserved 1179648K
  class space    used 17684K, capacity 19125K, committed 19328K, reserved 1048576K
}
Event: 2093.992 GC heap before
{Heap before GC invocations=189 (full 0):
 garbage-first heap   total 567296K, used 259783K [0x0000000080000000, 0x0000000100000000)
  region size 1024K, 27 young (27648K), 3 survivors (3072K)
 Metaspace       used 144224K, capacity 148171K, committed 148528K, reserved 1179648K
  class space    used 17696K, capacity 19144K, committed 19328K, reserved 1048576K
}
Event: 2094.298 GC heap after
{Heap after GC invocations=190 (full 0):
 garbage-first heap   total 567296K, used 231076K [0x0000000080000000, 0x0000000100000000)
  region size 1024K, 2 young (2048K), 2 survivors (2048K)
 Metaspace       used 144224K, capacity 148171K, committed 148528K, reserved 1179648K
  class space    used 17696K, capacity 19144K, committed 19328K, reserved 1048576K
}

